<application: app.config>: init ..
<panel(app.config) [0, 0, 132, 13]>: mark as resize
<application: app.config>: init ok
<panel(app.config.mconfdialog) [1, 1, 131, 12]>: mark as resize
<view(window.shadow) [2, 1, 130, 11]>: mark as resize
<panel(window.frame) [0, 0, 130, 11]>: mark as resize
<view(window.border) [0, 0, 128, 10]>: mark as resize
<view(window.title) [0, 0, 11, 1]>: mark as resize
<panel(window.panel) [0, 0, 128, 10]>: mark as resize
<panel(dialog.buttons) [0, 7, 126, 8]>: mark as resize
<view(textdialog.text) [0, 0, 126, 7]>: mark as resize
<view(textdialog.scrollbar) [125, 0, 126, 7]>: mark as resize
<panel(boxdialog.box) [0, 3, 126, 7]>: mark as resize
<panel(window.frame) [0, 0, 126, 4]>: mark as resize
<view(window.border) [0, 0, 126, 4]>: mark as resize
<panel(window.panel) [0, 0, 126, 4]>: mark as resize
<view(select) [0, 0, 10, 1]>: mark as resize
<view(back) [0, 0, 8, 1]>: mark as resize
<view(exit) [0, 0, 8, 1]>: mark as resize
<view(help) [0, 0, 8, 1]>: mark as resize
<view(save) [0, 0, 8, 1]>: mark as resize
<view(mconfdialog.scrollbar) [123, 0, 124, 2]>: mark as resize
<panel(mconfdialog.menuconf) [0, 0, 123, 2]>: mark as resize
<view(menuconf.config.1) [0, 0, 123, 1]>: mark as resize
<view(menuconf.config.2) [0, 1, 123, 2]>: mark as resize
<panel(menubar) [0, 0, 132, 1]>: mark as resize
<view(menubar.title) [0, 0, 132, 1]>: mark as resize
<panel(desktop) [0, 1, 132, 12]>: mark as resize
<panel(statusbar) [0, 12, 132, 13]>: mark as resize
<view(statusbar.info) [0, 0, 132, 1]>: mark as resize
<panel(app.config) [0, 0, 132, 13]>: resize ..
<panel(app.config.mconfdialog) [1, 1, 131, 12]>: resize ..
<view(window.shadow) [2, 1, 130, 11]>: resize ..
<panel(window.frame) [0, 0, 128, 10]>: resize ..
<view(window.border) [0, 0, 128, 10]>: resize ..
<view(window.title) [58, 0, 69, 1]>: resize ..
<panel(window.panel) [1, 1, 127, 9]>: resize ..
<panel(dialog.buttons) [0, 7, 126, 8]>: resize ..
<view(select) [26, 0, 36, 1]>: resize ..
<view(back) [43, 0, 51, 1]>: resize ..
<view(exit) [59, 0, 67, 1]>: resize ..
<view(help) [75, 0, 83, 1]>: resize ..
<view(save) [91, 0, 99, 1]>: resize ..
<view(textdialog.text) [0, 0, 126, 4]>: resize ..
<panel(boxdialog.box) [0, 4, 126, 7]>: resize ..
<panel(window.frame) [0, 0, 126, 3]>: resize ..
<view(window.border) [0, 0, 126, 3]>: resize ..
<panel(window.panel) [1, 1, 125, 2]>: resize ..
<view(mconfdialog.scrollbar) [123, 0, 124, 1]>: resize ..
<panel(mconfdialog.menuconf) [0, 0, 123, 1]>: resize ..
<view(menuconf.config.1) [0, 0, 123, 1]>: resize ..
<panel(app.config) [0, 0, 132, 13]>: draw (transparent: nil) ..
<panel(app.config.mconfdialog) [1, 1, 131, 12]>: draw (transparent: nil) ..
<view(window.shadow) [2, 1, 130, 11]>: draw (transparent: nil) ..
<panel(window.frame) [0, 0, 128, 10]>: draw (transparent: nil) ..
<view(window.border) [0, 0, 128, 10]>: draw (transparent: true) ..
<view(window.title) [58, 0, 69, 1]>: draw (transparent: nil) ..
<panel(window.panel) [1, 1, 127, 9]>: draw (transparent: nil) ..
<panel(dialog.buttons) [0, 7, 126, 8]>: draw (transparent: nil) ..
<view(select) [26, 0, 36, 1]>: draw (transparent: nil) ..
<view(back) [43, 0, 51, 1]>: draw (transparent: nil) ..
<view(exit) [59, 0, 67, 1]>: draw (transparent: nil) ..
<view(help) [75, 0, 83, 1]>: draw (transparent: nil) ..
<view(save) [91, 0, 99, 1]>: draw (transparent: nil) ..
<view(textdialog.text) [0, 0, 126, 4]>: draw (transparent: nil) ..
<panel(boxdialog.box) [0, 4, 126, 7]>: draw (transparent: nil) ..
<panel(window.frame) [0, 0, 126, 3]>: draw (transparent: nil) ..
<view(window.border) [0, 0, 126, 3]>: draw (transparent: true) ..
<panel(window.panel) [1, 1, 125, 2]>: draw (transparent: nil) ..
<view(mconfdialog.scrollbar) [123, 0, 124, 1]>: draw (transparent: nil) ..
<panel(mconfdialog.menuconf) [0, 0, 123, 1]>: draw (transparent: nil) ..
<view(menuconf.config.1) [0, 0, 123, 1]>: draw (transparent: nil) ..
<view(window.shadow) [2, 1, 130, 11]>: refresh to app.config.mconfdialog(2, 1, 130, 11) ..
<view(window.border) [0, 0, 128, 10]>: refresh to window.frame(0, 0, 128, 10) ..
<view(window.title) [58, 0, 69, 1]>: refresh to window.frame(58, 0, 69, 1) ..
<view(select) [26, 0, 36, 1]>: refresh to dialog.buttons(26, 0, 36, 1) ..
<view(back) [43, 0, 51, 1]>: refresh to dialog.buttons(43, 0, 51, 1) ..
<view(exit) [59, 0, 67, 1]>: refresh to dialog.buttons(59, 0, 67, 1) ..
<view(help) [75, 0, 83, 1]>: refresh to dialog.buttons(75, 0, 83, 1) ..
<view(save) [91, 0, 99, 1]>: refresh to dialog.buttons(91, 0, 99, 1) ..
<panel(dialog.buttons) [0, 7, 126, 8]>: refresh to window.panel(0, 7, 126, 8) ..
<view(textdialog.text) [0, 0, 126, 4]>: refresh to window.panel(0, 0, 126, 4) ..
<view(window.border) [0, 0, 126, 3]>: refresh to window.frame(0, 0, 126, 3) ..
<view(mconfdialog.scrollbar) [123, 0, 124, 1]>: refresh to window.panel(123, 0, 124, 1) ..
<view(menuconf.config.1) [0, 0, 123, 1]>: refresh to mconfdialog.menuconf(0, 0, 123, 1) ..
<panel(mconfdialog.menuconf) [0, 0, 123, 1]>: refresh to window.panel(0, 0, 123, 1) ..
<panel(window.panel) [1, 1, 125, 2]>: refresh to window.frame(1, 1, 125, 2) ..
<panel(window.frame) [0, 0, 126, 3]>: refresh to boxdialog.box(0, 0, 126, 3) ..
<panel(boxdialog.box) [0, 4, 126, 7]>: refresh to window.panel(0, 4, 126, 7) ..
<panel(window.panel) [1, 1, 127, 9]>: refresh to window.frame(1, 1, 127, 9) ..
<panel(window.frame) [0, 0, 128, 10]>: refresh to app.config.mconfdialog(0, 0, 128, 10) ..
<panel(app.config.mconfdialog) [1, 1, 131, 12]>: refresh to app.config(1, 1, 131, 12) ..
<panel(app.config) [0, 0, 132, 13]>: refresh ..
cursor(<view(select) [26, 0, 36, 1]>): (28, 9.0), 1
event(key): Enter 13.0 ..
<panel(mconfdialog.menuconf) [0, 0, 123, 1]>: mark as redraw
<view(menuconf.config.1) [0, 0, 123, 1]>: mark as resize
<view(menuconf.config.2) [0, 1, 123, 2]>: mark as resize
<view(menuconf.config.3) [0, 2, 123, 3]>: mark as resize
<view(menuconf.config.4) [0, 3, 123, 4]>: mark as resize
<view(menuconf.config.5) [0, 4, 123, 5]>: mark as resize
<view(menuconf.config.6) [0, 5, 123, 6]>: mark as resize
<view(menuconf.config.7) [0, 6, 123, 7]>: mark as resize
<view(menuconf.config.8) [0, 7, 123, 8]>: mark as resize
<view(menuconf.config.9) [0, 8, 123, 9]>: mark as resize
<view(menuconf.config.10) [0, 9, 123, 10]>: mark as resize
<view(menuconf.config.11) [0, 10, 123, 11]>: mark as resize
<view(menuconf.config.12) [0, 11, 123, 12]>: mark as resize
<view(menuconf.config.13) [0, 12, 123, 13]>: mark as resize
<view(menuconf.config.14) [0, 13, 123, 14]>: mark as resize
<view(menuconf.config.15) [0, 14, 123, 15]>: mark as resize
<panel(mconfdialog.menuconf) [0, 0, 123, 1]>: draw (transparent: nil) ..
<view(menuconf.config.1) [0, 0, 123, 1]>: draw (transparent: nil) ..
<view(menuconf.config.1) [0, 0, 123, 1]>: refresh to mconfdialog.menuconf(0, 0, 123, 1) ..
<panel(mconfdialog.menuconf) [0, 0, 123, 1]>: refresh to window.panel(0, 0, 123, 1) ..
<panel(window.panel) [1, 1, 125, 2]>: refresh to window.frame(1, 1, 125, 2) ..
<panel(window.frame) [0, 0, 126, 3]>: refresh to boxdialog.box(0, 0, 126, 3) ..
<panel(boxdialog.box) [0, 4, 126, 7]>: refresh to window.panel(0, 4, 126, 7) ..
<panel(window.panel) [1, 1, 127, 9]>: refresh to window.frame(1, 1, 127, 9) ..
<panel(window.frame) [0, 0, 128, 10]>: refresh to app.config.mconfdialog(0, 0, 128, 10) ..
<panel(app.config.mconfdialog) [1, 1, 131, 12]>: refresh to app.config(1, 1, 131, 12) ..
<panel(app.config) [0, 0, 132, 13]>: refresh ..
cursor(<view(select) [26, 0, 36, 1]>): (28, 9.0), 1
event(key): Right 261.0 ..
<view(select) [26, 0, 36, 1]>: mark as redraw
<view(back) [43, 0, 51, 1]>: mark as redraw
<view(select) [26, 0, 36, 1]>: draw (transparent: nil) ..
<view(back) [43, 0, 51, 1]>: draw (transparent: nil) ..
<view(select) [26, 0, 36, 1]>: refresh to dialog.buttons(26, 0, 36, 1) ..
<view(back) [43, 0, 51, 1]>: refresh to dialog.buttons(43, 0, 51, 1) ..
<panel(dialog.buttons) [0, 7, 126, 8]>: refresh to window.panel(0, 7, 126, 8) ..
<panel(window.panel) [1, 1, 127, 9]>: refresh to window.frame(1, 1, 127, 9) ..
<panel(window.frame) [0, 0, 128, 10]>: refresh to app.config.mconfdialog(0, 0, 128, 10) ..
<panel(app.config.mconfdialog) [1, 1, 131, 12]>: refresh to app.config(1, 1, 131, 12) ..
<panel(app.config) [0, 0, 132, 13]>: refresh ..
cursor(<view(back) [43, 0, 51, 1]>): (45, 9.0), 1
event(key): Enter 13.0 ..
<panel(mconfdialog.menuconf) [0, 0, 123, 1]>: mark as redraw
<view(menuconf.config.1) [0, 0, 123, 1]>: mark as resize
<view(menuconf.config.2) [0, 1, 123, 2]>: mark as resize
<view(back) [43, 0, 51, 1]>: mark as redraw
<view(select) [26, 0, 36, 1]>: mark as redraw
<view(select) [26, 0, 36, 1]>: draw (transparent: nil) ..
<view(back) [43, 0, 51, 1]>: draw (transparent: nil) ..
<panel(mconfdialog.menuconf) [0, 0, 123, 1]>: draw (transparent: nil) ..
<view(menuconf.config.1) [0, 0, 123, 1]>: draw (transparent: nil) ..
<view(select) [26, 0, 36, 1]>: refresh to dialog.buttons(26, 0, 36, 1) ..
<view(back) [43, 0, 51, 1]>: refresh to dialog.buttons(43, 0, 51, 1) ..
<panel(dialog.buttons) [0, 7, 126, 8]>: refresh to window.panel(0, 7, 126, 8) ..
<view(menuconf.config.1) [0, 0, 123, 1]>: refresh to mconfdialog.menuconf(0, 0, 123, 1) ..
<panel(mconfdialog.menuconf) [0, 0, 123, 1]>: refresh to window.panel(0, 0, 123, 1) ..
<panel(window.panel) [1, 1, 125, 2]>: refresh to window.frame(1, 1, 125, 2) ..
<panel(window.frame) [0, 0, 126, 3]>: refresh to boxdialog.box(0, 0, 126, 3) ..
<panel(boxdialog.box) [0, 4, 126, 7]>: refresh to window.panel(0, 4, 126, 7) ..
<panel(window.panel) [1, 1, 127, 9]>: refresh to window.frame(1, 1, 127, 9) ..
<panel(window.frame) [0, 0, 128, 10]>: refresh to app.config.mconfdialog(0, 0, 128, 10) ..
<panel(app.config.mconfdialog) [1, 1, 131, 12]>: refresh to app.config(1, 1, 131, 12) ..
<panel(app.config) [0, 0, 132, 13]>: refresh ..
cursor(<view(select) [26, 0, 36, 1]>): (28, 9.0), 1
event(key): Right 261.0 ..
<view(select) [26, 0, 36, 1]>: mark as redraw
<view(back) [43, 0, 51, 1]>: mark as redraw
<view(select) [26, 0, 36, 1]>: draw (transparent: nil) ..
<view(back) [43, 0, 51, 1]>: draw (transparent: nil) ..
<view(select) [26, 0, 36, 1]>: refresh to dialog.buttons(26, 0, 36, 1) ..
<view(back) [43, 0, 51, 1]>: refresh to dialog.buttons(43, 0, 51, 1) ..
<panel(dialog.buttons) [0, 7, 126, 8]>: refresh to window.panel(0, 7, 126, 8) ..
<panel(window.panel) [1, 1, 127, 9]>: refresh to window.frame(1, 1, 127, 9) ..
<panel(window.frame) [0, 0, 128, 10]>: refresh to app.config.mconfdialog(0, 0, 128, 10) ..
<panel(app.config.mconfdialog) [1, 1, 131, 12]>: refresh to app.config(1, 1, 131, 12) ..
<panel(app.config) [0, 0, 132, 13]>: refresh ..
cursor(<view(back) [43, 0, 51, 1]>): (45, 9.0), 1
event(key): Right 261.0 ..
<view(back) [43, 0, 51, 1]>: mark as redraw
<view(exit) [59, 0, 67, 1]>: mark as redraw
<view(back) [43, 0, 51, 1]>: draw (transparent: nil) ..
<view(exit) [59, 0, 67, 1]>: draw (transparent: nil) ..
<view(back) [43, 0, 51, 1]>: refresh to dialog.buttons(43, 0, 51, 1) ..
<view(exit) [59, 0, 67, 1]>: refresh to dialog.buttons(59, 0, 67, 1) ..
<panel(dialog.buttons) [0, 7, 126, 8]>: refresh to window.panel(0, 7, 126, 8) ..
<panel(window.panel) [1, 1, 127, 9]>: refresh to window.frame(1, 1, 127, 9) ..
<panel(window.frame) [0, 0, 128, 10]>: refresh to app.config.mconfdialog(0, 0, 128, 10) ..
<panel(app.config.mconfdialog) [1, 1, 131, 12]>: refresh to app.config(1, 1, 131, 12) ..
<panel(app.config) [0, 0, 132, 13]>: refresh ..
cursor(<view(exit) [59, 0, 67, 1]>): (61, 9.0), 1
event(key): Enter 13.0 ..
<panel(mconfdialog.exit) [0, 0, 60, 7]>: mark as resize
<view(window.shadow) [2, 1, 60, 7]>: mark as resize
<panel(window.frame) [0, 0, 60, 7]>: mark as resize
<view(window.border) [0, 0, 58, 6]>: mark as resize
<view(window.title) []>: mark as resize
<panel(window.panel) [0, 0, 58, 6]>: mark as resize
<panel(dialog.buttons) [0, 3, 56, 4]>: mark as resize
<view(textdialog.text) [0, 0, 56, 3]>: mark as resize
<view(textdialog.scrollbar) [55, 0, 56, 3]>: mark as resize
<view(Yes) [0, 0, 7, 1]>: mark as resize
<view(No) [0, 0, 6, 1]>: mark as resize
<view(exit) [59, 0, 67, 1]>: mark as redraw
<panel(app.config.mconfdialog) [1, 1, 131, 12]>: mark as redraw
<panel(app.config.mconfdialog) [1, 1, 131, 12]>: draw (transparent: nil) ..
<view(window.shadow) [2, 1, 130, 11]>: draw (transparent: nil) ..
<panel(window.frame) [0, 0, 128, 10]>: draw (transparent: nil) ..
<view(window.border) [0, 0, 128, 10]>: draw (transparent: true) ..
<view(window.title) [58, 0, 69, 1]>: draw (transparent: nil) ..
<panel(window.panel) [1, 1, 127, 9]>: draw (transparent: nil) ..
<panel(dialog.buttons) [0, 7, 126, 8]>: draw (transparent: nil) ..
<view(select) [26, 0, 36, 1]>: draw (transparent: nil) ..
<view(back) [43, 0, 51, 1]>: draw (transparent: nil) ..
<view(exit) [59, 0, 67, 1]>: draw (transparent: nil) ..
<view(help) [75, 0, 83, 1]>: draw (transparent: nil) ..
<view(save) [91, 0, 99, 1]>: draw (transparent: nil) ..
<view(textdialog.text) [0, 0, 126, 4]>: draw (transparent: nil) ..
<panel(boxdialog.box) [0, 4, 126, 7]>: draw (transparent: nil) ..
<panel(window.frame) [0, 0, 126, 3]>: draw (transparent: nil) ..
<view(window.border) [0, 0, 126, 3]>: draw (transparent: true) ..
<panel(window.panel) [1, 1, 125, 2]>: draw (transparent: nil) ..
<view(mconfdialog.scrollbar) [123, 0, 124, 1]>: draw (transparent: nil) ..
<panel(mconfdialog.menuconf) [0, 0, 123, 1]>: draw (transparent: nil) ..
<view(menuconf.config.1) [0, 0, 123, 1]>: draw (transparent: nil) ..
<panel(mconfdialog.exit) [35, 2, 95, 9]>: draw (transparent: nil) ..
<view(window.shadow) [2, 1, 60, 7]>: draw (transparent: nil) ..
<panel(window.frame) [0, 0, 58, 6]>: draw (transparent: nil) ..
<view(window.border) [0, 0, 58, 6]>: draw (transparent: true) ..
<view(window.title) []>: draw (transparent: nil) ..
<panel(window.panel) [1, 1, 57, 5]>: draw (transparent: nil) ..
<panel(dialog.buttons) [0, 3, 56, 4]>: draw (transparent: nil) ..
<view(Yes) [18, 0, 25, 1]>: draw (transparent: nil) ..
<view(No) [32, 0, 38, 1]>: draw (transparent: nil) ..
<view(textdialog.text) [0, 0, 56, 3]>: draw (transparent: nil) ..
<view(window.shadow) [2, 1, 130, 11]>: refresh to app.config.mconfdialog(2, 1, 130, 11) ..
<view(window.border) [0, 0, 128, 10]>: refresh to window.frame(0, 0, 128, 10) ..
<view(window.title) [58, 0, 69, 1]>: refresh to window.frame(58, 0, 69, 1) ..
<view(select) [26, 0, 36, 1]>: refresh to dialog.buttons(26, 0, 36, 1) ..
<view(back) [43, 0, 51, 1]>: refresh to dialog.buttons(43, 0, 51, 1) ..
<view(exit) [59, 0, 67, 1]>: refresh to dialog.buttons(59, 0, 67, 1) ..
<view(help) [75, 0, 83, 1]>: refresh to dialog.buttons(75, 0, 83, 1) ..
<view(save) [91, 0, 99, 1]>: refresh to dialog.buttons(91, 0, 99, 1) ..
<panel(dialog.buttons) [0, 7, 126, 8]>: refresh to window.panel(0, 7, 126, 8) ..
<view(textdialog.text) [0, 0, 126, 4]>: refresh to window.panel(0, 0, 126, 4) ..
<view(window.border) [0, 0, 126, 3]>: refresh to window.frame(0, 0, 126, 3) ..
<view(mconfdialog.scrollbar) [123, 0, 124, 1]>: refresh to window.panel(123, 0, 124, 1) ..
<view(menuconf.config.1) [0, 0, 123, 1]>: refresh to mconfdialog.menuconf(0, 0, 123, 1) ..
<panel(mconfdialog.menuconf) [0, 0, 123, 1]>: refresh to window.panel(0, 0, 123, 1) ..
<panel(window.panel) [1, 1, 125, 2]>: refresh to window.frame(1, 1, 125, 2) ..
<panel(window.frame) [0, 0, 126, 3]>: refresh to boxdialog.box(0, 0, 126, 3) ..
<panel(boxdialog.box) [0, 4, 126, 7]>: refresh to window.panel(0, 4, 126, 7) ..
<panel(window.panel) [1, 1, 127, 9]>: refresh to window.frame(1, 1, 127, 9) ..
<panel(window.frame) [0, 0, 128, 10]>: refresh to app.config.mconfdialog(0, 0, 128, 10) ..
<view(window.shadow) [2, 1, 60, 7]>: refresh to mconfdialog.exit(2, 1, 60, 7) ..
<view(window.border) [0, 0, 58, 6]>: refresh to window.frame(0, 0, 58, 6) ..
<view(Yes) [18, 0, 25, 1]>: refresh to dialog.buttons(18, 0, 25, 1) ..
<view(No) [32, 0, 38, 1]>: refresh to dialog.buttons(32, 0, 38, 1) ..
<panel(dialog.buttons) [0, 3, 56, 4]>: refresh to window.panel(0, 3, 56, 4) ..
<view(textdialog.text) [0, 0, 56, 3]>: refresh to window.panel(0, 0, 56, 3) ..
<panel(window.panel) [1, 1, 57, 5]>: refresh to window.frame(1, 1, 57, 5) ..
<panel(window.frame) [0, 0, 58, 6]>: refresh to mconfdialog.exit(0, 0, 58, 6) ..
<panel(mconfdialog.exit) [35, 2, 95, 9]>: refresh to app.config.mconfdialog(35, 2, 95, 9) ..
<panel(app.config.mconfdialog) [1, 1, 131, 12]>: refresh to app.config(1, 1, 131, 12) ..
<panel(app.config) [0, 0, 132, 13]>: refresh ..
cursor(<view(Yes) [18, 0, 25, 1]>): (55, 7), 1
event(key): Enter 13.0 ..
event(cmd): cm_quit ..
